#
# There is insufficient memory for the Java Runtime Environment to continue.
# Native memory allocation (malloc) failed to allocate 681376 bytes for Chunk::new
# Possible reasons:
#   The system is out of physical RAM or swap space
#   In 32 bit mode, the process size limit was hit
# Possible solutions:
#   Reduce memory load on the system
#   Increase physical memory or swap space
#   Check if swap backing store is full
#   Use 64 bit Java on a 64 bit OS
#   Decrease Java heap size (-Xmx/-Xms)
#   Decrease number of Java threads
#   Decrease Java thread stack sizes (-Xss)
#   Set larger code cache with -XX:ReservedCodeCacheSize=
# This output file may be truncated or incomplete.
#
#  Out of Memory Error (allocation.cpp:390), pid=56100, tid=0x000000000000cfe8
#
# JRE version: Java(TM) SE Runtime Environment (8.0_144-b01) (build 1.8.0_144-b01)
# Java VM: Java HotSpot(TM) 64-Bit Server VM (25.144-b01 mixed mode windows-amd64 compressed oops)
# Failed to write core dump. Minidumps are not enabled by default on client versions of Windows
#

---------------  T H R E A D  ---------------

Current thread (0x000000001c1e3800):  JavaThread "C2 CompilerThread1" daemon [_thread_in_native, id=53224, stack(0x000000001cae0000,0x000000001cbe0000)]

Stack: [0x000000001cae0000,0x000000001cbe0000]
[error occurred during error reporting (printing stack bounds), id 0xc0000005]

Native frames: (J=compiled Java code, j=interpreted, Vv=VM code, C=native code)


Current CompileTask:
C2:   3649 2025   !   4       javafx.scene.CssStyleHelper::transitionToState (1075 bytes)


---------------  P R O C E S S  ---------------

Java Threads: ( => current thread )
  0x000000001d49e800 JavaThread "Abandoned connection cleanup thread" daemon [_thread_blocked, id=53776, stack(0x00000000245f0000,0x00000000246f0000)]
  0x000000001d37d800 JavaThread "Prism Font Disposer" daemon [_thread_blocked, id=55056, stack(0x0000000023ec0000,0x0000000023fc0000)]
  0x000000001d294800 JavaThread "Thread-3" daemon [_thread_in_native, id=55832, stack(0x0000000022900000,0x0000000022a00000)]
  0x000000001d2ba800 JavaThread "JavaFX-Launcher" [_thread_blocked, id=47740, stack(0x0000000022b00000,0x0000000022c00000)]
  0x000000001d212800 JavaThread "JavaFX Application Thread" [_thread_in_native, id=57720, stack(0x000000001dd30000,0x000000001de30000)]
  0x000000001d206800 JavaThread "Thread-1" daemon [_thread_blocked, id=51312, stack(0x000000001dc30000,0x000000001dd30000)]
  0x000000001d1e3000 JavaThread "QuantumRenderer-0" daemon [_thread_blocked, id=42804, stack(0x000000001d960000,0x000000001da60000)]
  0x000000001c279800 JavaThread "Service Thread" daemon [_thread_blocked, id=54332, stack(0x000000001cde0000,0x000000001cee0000)]
  0x000000001c1eb800 JavaThread "C1 CompilerThread3" daemon [_thread_blocked, id=50448, stack(0x000000001cce0000,0x000000001cde0000)]
  0x000000001c1e5000 JavaThread "C2 CompilerThread2" daemon [_thread_blocked, id=53564, stack(0x000000001cbe0000,0x000000001cce0000)]
=>0x000000001c1e3800 JavaThread "C2 CompilerThread1" daemon [_thread_in_native, id=53224, stack(0x000000001cae0000,0x000000001cbe0000)]
  0x000000001c1df000 JavaThread "C2 CompilerThread0" daemon [_thread_blocked, id=42696, stack(0x000000001c9e0000,0x000000001cae0000)]
  0x000000001c1d6800 JavaThread "Attach Listener" daemon [_thread_blocked, id=48772, stack(0x000000001c8e0000,0x000000001c9e0000)]
  0x0000000002dee800 JavaThread "Signal Dispatcher" daemon [_thread_blocked, id=57288, stack(0x000000001c7e0000,0x000000001c8e0000)]
  0x0000000002de8800 JavaThread "Finalizer" daemon [_thread_blocked, id=4812, stack(0x000000001c5b0000,0x000000001c6b0000)]
  0x000000001a2cd800 JavaThread "Reference Handler" daemon [_thread_blocked, id=9220, stack(0x000000001c0b0000,0x000000001c1b0000)]
  0x0000000002cee000 JavaThread "main" [_thread_blocked, id=20544, stack(0x0000000002bb0000,0x0000000002cb0000)]

Other Threads:
  0x000000001a2c8800 VMThread [stack: 0x000000001bfb0000,0x000000001c0b0000] [id=43444]
  0x000000001c294800 WatcherThread [stack: 0x000000001d060000,0x000000001d160000] [id=58076]

VM state:not at safepoint (normal execution)

VM Mutex/Monitor currently owned by a thread: None

Heap:
 PSYoungGen      total 57344K, used 10512K [0x0000000780900000, 0x0000000784900000, 0x00000007c0000000)
  eden space 49152K, 4% used [0x0000000780900000,0x0000000780b4c030,0x0000000783900000)
  from space 8192K, 99% used [0x0000000783900000,0x00000007840f80a0,0x0000000784100000)
  to   space 8192K, 0% used [0x0000000784100000,0x0000000784100000,0x0000000784900000)
 ParOldGen       total 131072K, used 1210K [0x0000000701a00000, 0x0000000709a00000, 0x0000000780900000)
  object space 131072K, 0% used [0x0000000701a00000,0x0000000701b2e9b8,0x0000000709a00000)
 Metaspace       used 20118K, capacity 21080K, committed 21120K, reserved 1067008K
  class space    used 2751K, capacity 2934K, committed 2944K, reserved 1048576K

Card table byte_map: [0x00000000121b0000,0x00000000127b0000] byte_map_base: 0x000000000e9a3000

Marking Bits: (ParMarkBitMap*) 0x000000005265d850
 Begin Bits: [0x00000000133b0000, 0x0000000016348000)
 End Bits:   [0x0000000016348000, 0x00000000192e0000)

Polling page: 0x0000000001370000

CodeCache: size=245760Kb used=6739Kb max_used=6758Kb free=239021Kb
 bounds [0x0000000002df0000, 0x0000000003490000, 0x0000000011df0000]
 total_blobs=2764 nmethods=2065 adapters=610
 compilation: enabled

Compilation events (10 events):
Event: 3.631 Thread 0x000000001c1eb800 2047       1       com.sun.javafx.effect.EffectDirtyBits::getMask (5 bytes)
Event: 3.631 Thread 0x000000001c1eb800 nmethod 2047 0x0000000003481490 code [0x00000000034815e0, 0x00000000034816f0]
Event: 3.631 Thread 0x000000001c1eb800 2066       1       java.util.concurrent.locks.AbstractQueuedSynchronizer::getState (5 bytes)
Event: 3.631 Thread 0x000000001c1eb800 nmethod 2066 0x0000000003481750 code [0x00000000034818a0, 0x00000000034819b0]
Event: 3.634 Thread 0x000000001c1e5000 nmethod 2038 0x0000000003485710 code [0x0000000003485980, 0x0000000003486a00]
Event: 3.634 Thread 0x000000001c1e5000 2037       4       com.sun.javafx.css.StyleCacheEntry$Key::hashCode (84 bytes)
Event: 3.637 Thread 0x000000001c1e5000 nmethod 2037 0x0000000003482350 code [0x00000000034824a0, 0x00000000034826f8]
Event: 3.637 Thread 0x000000001c1e5000 2065       4       javafx.scene.Node::getClip (21 bytes)
Event: 3.638 Thread 0x000000001c1e5000 nmethod 2065 0x0000000003481fd0 code [0x0000000003482120, 0x0000000003482218]
Event: 3.647 Thread 0x000000001c1df000 nmethod 2006 0x000000000348b5d0 code [0x000000000348b8e0, 0x000000000348da08]

GC Heap History (2 events):
Event: 3.609 GC heap before
{Heap before GC invocations=1 (full 0):
 PSYoungGen      total 57344K, used 49152K [0x0000000780900000, 0x0000000784900000, 0x00000007c0000000)
  eden space 49152K, 100% used [0x0000000780900000,0x0000000783900000,0x0000000783900000)
  from space 8192K, 0% used [0x0000000784100000,0x0000000784100000,0x0000000784900000)
  to   space 8192K, 0% used [0x0000000783900000,0x0000000783900000,0x0000000784100000)
 ParOldGen       total 131072K, used 0K [0x0000000701a00000, 0x0000000709a00000, 0x0000000780900000)
  object space 131072K, 0% used [0x0000000701a00000,0x0000000701a00000,0x0000000709a00000)
 Metaspace       used 20104K, capacity 21080K, committed 21120K, reserved 1067008K
  class space    used 2750K, capacity 2934K, committed 2944K, reserved 1048576K
Event: 3.618 GC heap after
Heap after GC invocations=1 (full 0):
 PSYoungGen      total 57344K, used 8160K [0x0000000780900000, 0x0000000784900000, 0x00000007c0000000)
  eden space 49152K, 0% used [0x0000000780900000,0x0000000780900000,0x0000000783900000)
  from space 8192K, 99% used [0x0000000783900000,0x00000007840f80a0,0x0000000784100000)
  to   space 8192K, 0% used [0x0000000784100000,0x0000000784100000,0x0000000784900000)
 ParOldGen       total 131072K, used 1210K [0x0000000701a00000, 0x0000000709a00000, 0x0000000780900000)
  object space 131072K, 0% used [0x0000000701a00000,0x0000000701b2e9b8,0x0000000709a00000)
 Metaspace       used 20104K, capacity 21080K, committed 21120K, reserved 1067008K
  class space    used 2750K, capacity 2934K, committed 2944K, reserved 1048576K
}

Deoptimization events (10 events):
Event: 1.230 Thread 0x000000001d212800 Uncommon trap: reason=unstable_if action=reinterpret pc=0x00000000032e199c method=com.sun.javafx.css.BitSet.addAll(Ljava/util/Collection;)Z @ 1
Event: 1.262 Thread 0x000000001d212800 Uncommon trap: reason=array_check action=maybe_recompile pc=0x000000000332d5e4 method=com.sun.javafx.css.SimpleSelector.applies(Ljavafx/css/Styleable;[Ljava/util/Set;I)Z @ 37
Event: 1.262 Thread 0x000000001d212800 Uncommon trap: reason=array_check action=maybe_recompile pc=0x000000000332d5e4 method=com.sun.javafx.css.SimpleSelector.applies(Ljavafx/css/Styleable;[Ljava/util/Set;I)Z @ 37
Event: 1.262 Thread 0x000000001d212800 Uncommon trap: reason=array_check action=maybe_recompile pc=0x000000000332d5e4 method=com.sun.javafx.css.SimpleSelector.applies(Ljavafx/css/Styleable;[Ljava/util/Set;I)Z @ 37
Event: 1.262 Thread 0x000000001d212800 Uncommon trap: reason=array_check action=maybe_recompile pc=0x000000000332d5e4 method=com.sun.javafx.css.SimpleSelector.applies(Ljavafx/css/Styleable;[Ljava/util/Set;I)Z @ 37
Event: 3.585 Thread 0x000000001d212800 Uncommon trap: reason=unstable_if action=reinterpret pc=0x00000000033f23fc method=javafx.scene.Node.impl_isDirty(Lcom/sun/javafx/scene/DirtyBits;)Z @ 12
Event: 3.599 Thread 0x000000001d212800 Uncommon trap: reason=unstable_if action=reinterpret pc=0x00000000033b1ff8 method=javafx.scene.Node.impl_geomChanged()V @ 4
Event: 3.599 Thread 0x000000001d212800 Uncommon trap: reason=unstable_if action=reinterpret pc=0x00000000033b3764 method=javafx.scene.Node.transformedBoundsChanged()V @ 4
Event: 3.620 Thread 0x000000001d212800 Uncommon trap: reason=unstable_if action=reinterpret pc=0x0000000003352a6c method=java.lang.ref.ReferenceQueue.poll()Ljava/lang/ref/Reference; @ 4
Event: 3.623 Thread 0x0000000002de8800 Uncommon trap: reason=unstable_if action=reinterpret pc=0x00000000032b061c method=java.lang.ref.ReferenceQueue.poll()Ljava/lang/ref/Reference; @ 4

Internal exceptions (10 events):
Event: 0.739 Thread 0x000000001d212800 Exception <a 'java/lang/ArrayIndexOutOfBoundsException'> (0x00000007820a7b80) thrown at [C:\re\workspace\8-2-build-windows-amd64-cygwin\jdk8u144\9417\hotspot\src\share\vm\runtime\sharedRuntime.cpp, line 605]
Event: 0.740 Thread 0x000000001d212800 Exception <a 'java/lang/ArrayIndexOutOfBoundsException'> (0x00000007820a93f0) thrown at [C:\re\workspace\8-2-build-windows-amd64-cygwin\jdk8u144\9417\hotspot\src\share\vm\runtime\sharedRuntime.cpp, line 605]
Event: 0.755 Thread 0x000000001d212800 Exception <a 'java/io/FileNotFoundException'> (0x000000078211cbd0) thrown at [C:\re\workspace\8-2-build-windows-amd64-cygwin\jdk8u144\9417\hotspot\src\share\vm\prims\jni.cpp, line 709]
Event: 0.763 Thread 0x000000001d212800 Exception <a 'java/lang/ArrayIndexOutOfBoundsException'> (0x000000078216f6e8) thrown at [C:\re\workspace\8-2-build-windows-amd64-cygwin\jdk8u144\9417\hotspot\src\share\vm\runtime\sharedRuntime.cpp, line 605]
Event: 0.769 Thread 0x000000001d212800 Implicit null exception at 0x000000000307fe16 to 0x00000000030801c5
Event: 0.972 Thread 0x000000001d212800 Exception <a 'java/io/FileNotFoundException'> (0x00000007827ab670) thrown at [C:\re\workspace\8-2-build-windows-amd64-cygwin\jdk8u144\9417\hotspot\src\share\vm\prims\jni.cpp, line 709]
Event: 1.100 Thread 0x000000001d212800 Implicit null exception at 0x000000000314c175 to 0x000000000314c39d
Event: 1.100 Thread 0x000000001d212800 Implicit null exception at 0x0000000003189a98 to 0x0000000003189b26
Event: 1.101 Thread 0x000000001d212800 Implicit null exception at 0x000000000306fc2f to 0x000000000306fc99
Event: 1.230 Thread 0x000000001d212800 Implicit null exception at 0x00000000032e13f1 to 0x00000000032e1985

Events (10 events):
Event: 3.609 Executing VM operation: ParallelGCFailedAllocation
Event: 3.618 Executing VM operation: ParallelGCFailedAllocation done
Event: 3.620 Thread 0x000000001d212800 Uncommon trap: trap_request=0xffffff65 fr.pc=0x0000000003352a6c
Event: 3.620 Thread 0x000000001d212800 DEOPT PACKING pc=0x0000000003352a6c sp=0x000000001de2cb20
Event: 3.620 Thread 0x000000001d212800 DEOPT UNPACKING pc=0x0000000002e3582a sp=0x000000001de2c968 mode 2
Event: 3.623 Thread 0x0000000002de8800 Uncommon trap: trap_request=0xffffff65 fr.pc=0x00000000032b061c
Event: 3.623 Thread 0x0000000002de8800 DEOPT PACKING pc=0x00000000032b061c sp=0x000000001c6aecc0
Event: 3.623 Thread 0x0000000002de8800 DEOPT UNPACKING pc=0x0000000002e3582a sp=0x000000001c6aebb8 mode 2
Event: 3.623 loading class java/io/FileOutputStream$1
Event: 3.623 loading class java/io/FileOutputStream$1 done


Dynamic libraries:
0x00007ff65bfb0000 - 0x00007ff65bfe7000 	C:\Program Files\Java\jdk1.8.0_144\bin\java.exe
0x00007ff9f7720000 - 0x00007ff9f7929000 	C:\WINDOWS\SYSTEM32\ntdll.dll
0x00007ff9f61c0000 - 0x00007ff9f627d000 	C:\WINDOWS\System32\KERNEL32.DLL
0x00007ff9f4e40000 - 0x00007ff9f51b4000 	C:\WINDOWS\System32\KERNELBASE.dll
0x00007ff9f6940000 - 0x00007ff9f69ee000 	C:\WINDOWS\System32\ADVAPI32.dll
0x00007ff9f6790000 - 0x00007ff9f6833000 	C:\WINDOWS\System32\msvcrt.dll
0x00007ff9f5900000 - 0x00007ff9f599e000 	C:\WINDOWS\System32\sechost.dll
0x00007ff9f7340000 - 0x00007ff9f7460000 	C:\WINDOWS\System32\RPCRT4.dll
0x00007ff9f7460000 - 0x00007ff9f760c000 	C:\WINDOWS\System32\USER32.dll
0x00007ff9f5590000 - 0x00007ff9f55b6000 	C:\WINDOWS\System32\win32u.dll
0x00007ff9f58d0000 - 0x00007ff9f58f9000 	C:\WINDOWS\System32\GDI32.dll
0x00007ff9f4cb0000 - 0x00007ff9f4dc2000 	C:\WINDOWS\System32\gdi32full.dll
0x00007ff9f4c10000 - 0x00007ff9f4cad000 	C:\WINDOWS\System32\msvcp_win.dll
0x00007ff9f5330000 - 0x00007ff9f5441000 	C:\WINDOWS\System32\ucrtbase.dll
0x00007ff9dbae0000 - 0x00007ff9dbd85000 	C:\WINDOWS\WinSxS\amd64_microsoft.windows.common-controls_6595b64144ccf1df_6.0.22000.120_none_9d947278b86cc467\COMCTL32.dll
0x00007ff9f56b0000 - 0x00007ff9f56e1000 	C:\WINDOWS\System32\IMM32.DLL
0x0000000051d60000 - 0x0000000051e32000 	C:\Program Files\Java\jdk1.8.0_144\jre\bin\msvcr100.dll
0x0000000051e40000 - 0x00000000526dd000 	C:\Program Files\Java\jdk1.8.0_144\jre\bin\server\jvm.dll
0x00007ff9f7670000 - 0x00007ff9f7678000 	C:\WINDOWS\System32\PSAPI.DLL
0x00007ff9ef8a0000 - 0x00007ff9ef8d3000 	C:\WINDOWS\SYSTEM32\WINMM.dll
0x00007ff9f0580000 - 0x00007ff9f0589000 	C:\WINDOWS\SYSTEM32\WSOCK32.dll
0x00007ff9eeb30000 - 0x00007ff9eeb3a000 	C:\WINDOWS\SYSTEM32\VERSION.dll
0x00007ff9f57e0000 - 0x00007ff9f584f000 	C:\WINDOWS\System32\WS2_32.dll
0x00000000551e0000 - 0x00000000551ef000 	C:\Program Files\Java\jdk1.8.0_144\jre\bin\verify.dll
0x0000000053dc0000 - 0x0000000053de9000 	C:\Program Files\Java\jdk1.8.0_144\jre\bin\java.dll
0x0000000053da0000 - 0x0000000053db6000 	C:\Program Files\Java\jdk1.8.0_144\jre\bin\zip.dll
0x00007ff9f6b90000 - 0x00007ff9f733e000 	C:\WINDOWS\System32\SHELL32.dll
0x00007ff9f2d90000 - 0x00007ff9f35f8000 	C:\WINDOWS\SYSTEM32\windows.storage.dll
0x00007ff9f5ac0000 - 0x00007ff9f5e38000 	C:\WINDOWS\System32\combase.dll
0x00007ff9f2c20000 - 0x00007ff9f2d86000 	C:\WINDOWS\SYSTEM32\wintypes.dll
0x00007ff9f55c0000 - 0x00007ff9f56aa000 	C:\WINDOWS\System32\SHCORE.dll
0x00007ff9f59a0000 - 0x00007ff9f59fd000 	C:\WINDOWS\System32\shlwapi.dll
0x00007ff9f4b40000 - 0x00007ff9f4b61000 	C:\WINDOWS\SYSTEM32\profapi.dll
0x00007ff9b0ce0000 - 0x00007ff9b0dcf000 	C:\Program Files\Java\jdk1.8.0_144\jre\bin\msvcr120.dll
0x00007ff9b0c30000 - 0x00007ff9b0cd6000 	C:\Program Files\Java\jdk1.8.0_144\jre\bin\msvcp120.dll
0x0000000051940000 - 0x0000000051962000 	C:\Program Files\Java\jdk1.8.0_144\jre\bin\prism_d3d.dll
0x00007ff9de630000 - 0x00007ff9de7d6000 	C:\WINDOWS\system32\d3d9.dll
0x00007ff9f3e00000 - 0x00007ff9f3e18000 	C:\WINDOWS\SYSTEM32\kernel.appcore.dll
0x00007ff9f2350000 - 0x00007ff9f237f000 	C:\WINDOWS\SYSTEM32\dwmapi.dll
0x00007ff9f20b0000 - 0x00007ff9f20e8000 	C:\WINDOWS\SYSTEM32\dxcore.dll
0x00007ff9f1260000 - 0x00007ff9f130c000 	C:\WINDOWS\system32\uxtheme.dll
0x00007ff9d1270000 - 0x00007ff9d143d000 	C:\WINDOWS\System32\DriverStore\FileRepository\iigd_dch.inf_amd64_b261b2ab559fdee8\igdumdim64.dll
0x00007ff9e3770000 - 0x00007ff9e3890000 	C:\WINDOWS\System32\DriverStore\FileRepository\iigd_dch.inf_amd64_b261b2ab559fdee8\igdgmm64.dll
0x00007ff97f900000 - 0x00007ff983511000 	C:\WINDOWS\System32\DriverStore\FileRepository\iigd_dch.inf_amd64_b261b2ab559fdee8\igd9dxva64.dll
0x00007ff9f69f0000 - 0x00007ff9f6b8a000 	C:\WINDOWS\System32\OLE32.dll
0x00007ff9f6840000 - 0x00007ff9f6916000 	C:\WINDOWS\System32\OLEAUT32.dll
0x00007ff9eb0a0000 - 0x00007ff9eb0e4000 	C:\WINDOWS\SYSTEM32\directxdatabasehelper.dll
0x00007ff9f2210000 - 0x00007ff9f2244000 	C:\WINDOWS\SYSTEM32\ntmarta.dll
0x00000000518f0000 - 0x0000000051933000 	C:\Program Files\Java\jdk1.8.0_144\jre\bin\glass.dll
0x00007ff9f56f0000 - 0x00007ff9f57dc000 	C:\WINDOWS\System32\COMDLG32.dll
0x00007ff9f6020000 - 0x00007ff9f613e000 	C:\WINDOWS\System32\MSCTF.dll
0x00007ff9f5450000 - 0x00007ff9f54cf000 	C:\WINDOWS\System32\bcryptPrimitives.dll
0x00007ff9c31b0000 - 0x00007ff9c31d1000 	C:\WINDOWS\System32\DriverStore\FileRepository\iigd_dch.inf_amd64_b261b2ab559fdee8\igdinfo64.dll
0x00007ff9e1410000 - 0x00007ff9e3770000 	C:\WINDOWS\System32\DriverStore\FileRepository\iigd_dch.inf_amd64_b261b2ab559fdee8\igc64.dll
0x00000000518d0000 - 0x00000000518e4000 	C:\Program Files\Java\jdk1.8.0_144\jre\bin\javafx_font.dll
0x00007ff9ca5f0000 - 0x00007ff9ca84f000 	C:\WINDOWS\SYSTEM32\dwrite.dll
0x00007ff9f4480000 - 0x00007ff9f4498000 	C:\WINDOWS\SYSTEM32\CRYPTSP.dll
0x00007ff9f3d60000 - 0x00007ff9f3d95000 	C:\WINDOWS\system32\rsaenh.dll
0x00007ff9f4320000 - 0x00007ff9f4349000 	C:\WINDOWS\SYSTEM32\USERENV.dll
0x00007ff9f45f0000 - 0x00007ff9f4617000 	C:\WINDOWS\SYSTEM32\bcrypt.dll
0x00007ff9f4470000 - 0x00007ff9f447c000 	C:\WINDOWS\SYSTEM32\CRYPTBASE.dll
0x0000000053d80000 - 0x0000000053d9a000 	C:\Program Files\Java\jdk1.8.0_144\jre\bin\net.dll
0x00007ff9f4230000 - 0x00007ff9f4297000 	C:\WINDOWS\system32\mswsock.dll
0x00007ff9f3970000 - 0x00007ff9f399d000 	C:\WINDOWS\SYSTEM32\IPHLPAPI.DLL
0x00007ff9f6280000 - 0x00007ff9f6289000 	C:\WINDOWS\System32\NSI.dll
0x00007ff9ef3d0000 - 0x00007ff9ef3e9000 	C:\WINDOWS\SYSTEM32\dhcpcsvc6.DLL
0x00007ff9ef5f0000 - 0x00007ff9ef60e000 	C:\WINDOWS\SYSTEM32\dhcpcsvc.DLL
0x00007ff9f39a0000 - 0x00007ff9f3a87000 	C:\WINDOWS\SYSTEM32\DNSAPI.dll
0x0000000053d60000 - 0x0000000053d71000 	C:\Program Files\Java\jdk1.8.0_144\jre\bin\nio.dll
0x00007ff9e06d0000 - 0x00007ff9e06da000 	C:\Windows\System32\rasadhlp.dll
0x00007ff9ed6d0000 - 0x00007ff9ed751000 	C:\WINDOWS\System32\fwpuclnt.dll
0x00007ff9f5a10000 - 0x00007ff9f5abf000 	C:\WINDOWS\System32\clbcatq.dll
0x00007ff9e6530000 - 0x00007ff9e66de000 	C:\WINDOWS\SYSTEM32\WindowsCodecs.dll
0x00007ff9cd2d0000 - 0x00007ff9cd32d000 	C:\WINDOWS\system32\dataexchange.dll
0x00007ff9e5f50000 - 0x00007ff9e61b6000 	C:\WINDOWS\system32\twinapi.appcore.dll
0x00007ff9b4710000 - 0x00007ff9b4742000 	C:\Program Files\Common Files\Microsoft Shared\Ink\rtscom.dll
0x00007ff9deff0000 - 0x00007ff9df11d000 	C:\WINDOWS\SYSTEM32\textinputframework.dll
0x00007ff9f0f10000 - 0x00007ff9f1042000 	C:\WINDOWS\SYSTEM32\CoreMessaging.dll
0x00007ff9e7480000 - 0x00007ff9e77ed000 	C:\WINDOWS\SYSTEM32\CoreUIComponents.dll

VM Arguments:
jvm_args: -Dfile.encoding=UTF-8 
java_command: GUI.AdomifitMainClass
java_class_path (initial): C:\Program Files\NetBeans 8.2\ide\modules\ext\mysql-connector-java-5.1.23-bin.jar;C:\Users\myria\Downloads\fontawesomefx-8.9.jar;C:\Users\myria\Downloads\jfoenix-8.0.2.jar;C:\Users\myria\Downloads\mysql-connector-java-5.1.49.jar;C:\Users\myria\OneDrive\Bureau\Nouveau dossier (3)\FxAdomifit-master\FxAdomifit-master\build\classes
Launcher Type: SUN_STANDARD

Environment Variables:
JAVA_HOME=C:\Program Files\Java\jdk1.8.0_144
PATH=C:\ProgramData\Oracle\Java\javapath;C:\oraclexe\app\oracle\product\11.2.0\server\bin;C:\windows\system32;C:\windows;C:\windows\System32\Wbem;C:\windows\System32\WindowsPowerShell\v1.0\;C:\windows\System32\OpenSSH\;C:\Program Files (x86)\Intel\Intel(R) Management Engine Components\DAL;C:\Program Files\Intel\Intel(R) Management Engine Components\DAL;C:\Program Files (x86)\NVIDIA Corporation\PhysX\Common;C:\Program Files\NVIDIA Corporation\NVIDIA NvDLISR;C:\WINDOWS\system32;C:\WINDOWS;C:\WINDOWS\System32\Wbem;C:\WINDOWS\System32\WindowsPowerShell\v1.0\;C:\WINDOWS\System32\OpenSSH\;C:\instantclient12_2;C:\oraclexe;C:\oraclexe\app\oracle\admin\XE;C:\Program Files\Git\cmd;C:\Program Files\TortoiseGit\bin;C:\laragon\bin\php\php-7.2.19-Win32-VC15-x64;C:\ProgramData\ComposerSetup\bin;C:\Program Files (x86)\CodeBlocks\MinGW\bin;C:\Program Files (x86)\GnuWin32\bin;C:\Program Files\Java\jdk1.8.0_144\bin;C:\Users\myria\AppData\Local\Microsoft\WindowsApps;C:\Users\myria\Desktop\Microsoft VS Code\bin;C:\Users\myria\AppData\Roaming\Composer\vendor\bin;C:\xampp\php;
USERNAME=myria
OS=Windows_NT
PROCESSOR_IDENTIFIER=Intel64 Family 6 Model 158 Stepping 10, GenuineIntel



---------------  S Y S T E M  ---------------

OS: Windows 10.0 , 64 bit Build 22000 (10.0.22000.434)

CPU:total 8 (initial active 8) (4 cores per cpu, 2 threads per core) family 6 model 158 stepping 10, cmov, cx8, fxsr, mmx, sse, sse2, sse3, ssse3, sse4.1, sse4.2, popcnt, avx, avx2, aes, clmul, erms, 3dnowpref, lzcnt, ht, tsc, tscinvbit, bmi1, bmi2, adx

Memory: 4k page, physical 12469492k(867432k free), swap 27987056k(3316k free)

vm_info: Java HotSpot(TM) 64-Bit Server VM (25.144-b01) for windows-amd64 JRE (1.8.0_144-b01), built on Jul 21 2017 21:57:33 by "java_re" with MS VC++ 10.0 (VS2010)

time: Tue Apr 19 08:06:58 2022
elapsed time: 3 seconds (0d 0h 0m 3s)

