#
# There is insufficient memory for the Java Runtime Environment to continue.
# Native memory allocation (malloc) failed to allocate 213376 bytes for Chunk::new
# Possible reasons:
#   The system is out of physical RAM or swap space
#   In 32 bit mode, the process size limit was hit
# Possible solutions:
#   Reduce memory load on the system
#   Increase physical memory or swap space
#   Check if swap backing store is full
#   Use 64 bit Java on a 64 bit OS
#   Decrease Java heap size (-Xmx/-Xms)
#   Decrease number of Java threads
#   Decrease Java thread stack sizes (-Xss)
#   Set larger code cache with -XX:ReservedCodeCacheSize=
# This output file may be truncated or incomplete.
#
#  Out of Memory Error (allocation.cpp:390), pid=44548, tid=0x0000000000004190
#
# JRE version: Java(TM) SE Runtime Environment (8.0_144-b01) (build 1.8.0_144-b01)
# Java VM: Java HotSpot(TM) 64-Bit Server VM (25.144-b01 mixed mode windows-amd64 compressed oops)
# Failed to write core dump. Minidumps are not enabled by default on client versions of Windows
#

---------------  T H R E A D  ---------------

Current thread (0x000000001bdb2800):  JavaThread "C2 CompilerThread1" daemon [_thread_in_native, id=16784, stack(0x000000001c6b0000,0x000000001c7b0000)]

Stack: [0x000000001c6b0000,0x000000001c7b0000]
[error occurred during error reporting (printing stack bounds), id 0xc0000005]

Native frames: (J=compiled Java code, j=interpreted, Vv=VM code, C=native code)


Current CompileTask:
C2:    785  891   !   4       sun.misc.URLClassPath$JarLoader::getResource (85 bytes)


---------------  P R O C E S S  ---------------

Java Threads: ( => current thread )
  0x000000001d07a800 JavaThread "Abandoned connection cleanup thread" daemon [_thread_blocked, id=56432, stack(0x0000000024180000,0x0000000024280000)]
  0x000000001cf89800 JavaThread "Prism Font Disposer" daemon [_thread_blocked, id=48612, stack(0x0000000023a50000,0x0000000023b50000)]
  0x000000001ce73000 JavaThread "Thread-3" daemon [_thread_in_native, id=58280, stack(0x0000000022480000,0x0000000022580000)]
  0x000000001ce69800 JavaThread "JavaFX-Launcher" [_thread_blocked, id=53684, stack(0x0000000022680000,0x0000000022780000)]
  0x000000001cdd2000 JavaThread "JavaFX Application Thread" [_thread_in_vm, id=50592, stack(0x000000001d890000,0x000000001d990000)]
  0x000000001cdc3800 JavaThread "Thread-1" daemon [_thread_blocked, id=44164, stack(0x000000001d790000,0x000000001d890000)]
  0x000000001cda2000 JavaThread "QuantumRenderer-0" daemon [_thread_blocked, id=25416, stack(0x000000001d530000,0x000000001d630000)]
  0x000000001be59000 JavaThread "Service Thread" daemon [_thread_blocked, id=36904, stack(0x000000001c9b0000,0x000000001cab0000)]
  0x000000001bdba000 JavaThread "C1 CompilerThread3" daemon [_thread_blocked, id=41836, stack(0x000000001c8b0000,0x000000001c9b0000)]
  0x000000001bdb6000 JavaThread "C2 CompilerThread2" daemon [_thread_blocked, id=48404, stack(0x000000001c7b0000,0x000000001c8b0000)]
=>0x000000001bdb2800 JavaThread "C2 CompilerThread1" daemon [_thread_in_native, id=16784, stack(0x000000001c6b0000,0x000000001c7b0000)]
  0x000000001bdad800 JavaThread "C2 CompilerThread0" daemon [_thread_blocked, id=44436, stack(0x000000001c5b0000,0x000000001c6b0000)]
  0x000000001bdac000 JavaThread "Attach Listener" daemon [_thread_blocked, id=27448, stack(0x000000001c4b0000,0x000000001c5b0000)]
  0x000000001bdab000 JavaThread "Signal Dispatcher" daemon [_thread_blocked, id=57452, stack(0x000000001c3b0000,0x000000001c4b0000)]
  0x00000000029bd800 JavaThread "Finalizer" daemon [_thread_blocked, id=8988, stack(0x000000001c180000,0x000000001c280000)]
  0x0000000019e9d800 JavaThread "Reference Handler" daemon [_thread_blocked, id=10908, stack(0x000000001bc80000,0x000000001bd80000)]
  0x000000000278e000 JavaThread "main" [_thread_blocked, id=54664, stack(0x0000000002790000,0x0000000002890000)]

Other Threads:
  0x0000000019e98800 VMThread [stack: 0x000000001bb80000,0x000000001bc80000] [id=56472]
  0x000000001be5b800 WatcherThread [stack: 0x000000001cc30000,0x000000001cd30000] [id=53640]

VM state:not at safepoint (normal execution)

VM Mutex/Monitor currently owned by a thread: None

Heap:
 PSYoungGen      total 57344K, used 27053K [0x0000000780900000, 0x0000000784900000, 0x00000007c0000000)
  eden space 49152K, 55% used [0x0000000780900000,0x000000078236b528,0x0000000783900000)
  from space 8192K, 0% used [0x0000000784100000,0x0000000784100000,0x0000000784900000)
  to   space 8192K, 0% used [0x0000000783900000,0x0000000783900000,0x0000000784100000)
 ParOldGen       total 131072K, used 0K [0x0000000701a00000, 0x0000000709a00000, 0x0000000780900000)
  object space 131072K, 0% used [0x0000000701a00000,0x0000000701a00000,0x0000000709a00000)
 Metaspace       used 14057K, capacity 14624K, committed 14848K, reserved 1062912K
  class space    used 1852K, capacity 2034K, committed 2048K, reserved 1048576K

Card table byte_map: [0x0000000011d80000,0x0000000012380000] byte_map_base: 0x000000000e573000

Marking Bits: (ParMarkBitMap*) 0x000000005265d850
 Begin Bits: [0x0000000012f80000, 0x0000000015f18000)
 End Bits:   [0x0000000015f18000, 0x0000000018eb0000)

Polling page: 0x0000000000f00000

CodeCache: size=245760Kb used=3289Kb max_used=3303Kb free=242470Kb
 bounds [0x00000000029c0000, 0x0000000002d00000, 0x00000000119c0000]
 total_blobs=1413 nmethods=893 adapters=433
 compilation: enabled

Compilation events (10 events):
Event: 0.772 Thread 0x000000001bdba000  893       3       java.util.zip.ZipFile::access$200 (5 bytes)
Event: 0.772 Thread 0x000000001bdba000 nmethod 893 0x0000000002cf3b90 code [0x0000000002cf3d00, 0x0000000002cf3e68]
Event: 0.772 Thread 0x000000001bdba000  889       1       java.util.zip.ZipEntry::getName (5 bytes)
Event: 0.772 Thread 0x000000001bdba000 nmethod 889 0x0000000002cef290 code [0x0000000002cef3e0, 0x0000000002cef4f0]
Event: 0.772 Thread 0x000000001bdba000  894       3       java.util.Properties::getProperty (46 bytes)
Event: 0.773 Thread 0x000000001bdba000 nmethod 894 0x0000000002cf3f10 code [0x0000000002cf40a0, 0x0000000002cf45b8]
Event: 0.774 Thread 0x000000001bdb2800 nmethod 877% 0x0000000002cf7c50 code [0x0000000002cf7de0, 0x0000000002cf8738]
Event: 0.774 Thread 0x000000001bdb2800  891   !   4       sun.misc.URLClassPath$JarLoader::getResource (85 bytes)
Event: 0.777 Thread 0x000000001bdad800 nmethod 876 0x0000000002cf8e50 code [0x0000000002cf8fc0, 0x0000000002cf96f8]
Event: 0.779 Thread 0x000000001bdb6000 nmethod 883 0x0000000002cf5590 code [0x0000000002cf5760, 0x0000000002cf60b0]

GC Heap History (0 events):
No events

Deoptimization events (7 events):
Event: 0.147 Thread 0x000000000278e000 Uncommon trap: reason=null_check action=make_not_entrant pc=0x0000000002ae1b14 method=java.lang.String.equals(Ljava/lang/Object;)Z @ 8
Event: 0.298 Thread 0x000000001cdd2000 Uncommon trap: reason=unstable_if action=reinterpret pc=0x0000000002b65474 method=java.lang.String.replace(CC)Ljava/lang/String; @ 26
Event: 0.392 Thread 0x000000001cdd2000 Uncommon trap: reason=unstable_if action=reinterpret pc=0x0000000002b9a2d4 method=java.lang.String.indexOf([CII[CIII)I @ 134
Event: 0.678 Thread 0x000000001cdd2000 Uncommon trap: reason=unstable_if action=reinterpret pc=0x0000000002c48dcc method=java.util.HashMap.getNode(ILjava/lang/Object;)Ljava/util/HashMap$Node; @ 62
Event: 0.712 Thread 0x000000001cdd2000 Uncommon trap: reason=unstable_if action=reinterpret pc=0x0000000002c6d944 method=java.util.HashMap.getNode(ILjava/lang/Object;)Ljava/util/HashMap$Node; @ 84
Event: 0.760 Thread 0x000000001cdd2000 Uncommon trap: reason=unstable_if action=reinterpret pc=0x0000000002c3bd5c method=java.lang.AbstractStringBuilder.append(Ljava/lang/String;)Ljava/lang/AbstractStringBuilder; @ 1
Event: 0.762 Thread 0x000000001cdd2000 Uncommon trap: reason=unstable_if action=reinterpret pc=0x0000000002c89048 method=sun.nio.cs.UTF_8$Decoder.decode([BII[C)I @ 30

Internal exceptions (10 events):
Event: 0.395 Thread 0x000000001cdd2000 Exception <a 'java/lang/ArrayIndexOutOfBoundsException': 57> (0x00000007818b20d8) thrown at [C:\re\workspace\8-2-build-windows-amd64-cygwin\jdk8u144\9417\hotspot\src\share\vm\interpreter\interpreterRuntime.cpp, line 366]
Event: 0.395 Thread 0x000000001cdd2000 Exception <a 'java/lang/ArrayIndexOutOfBoundsException': 18> (0x00000007818b2f50) thrown at [C:\re\workspace\8-2-build-windows-amd64-cygwin\jdk8u144\9417\hotspot\src\share\vm\interpreter\interpreterRuntime.cpp, line 366]
Event: 0.395 Thread 0x000000001cdd2000 Exception <a 'java/lang/ArrayIndexOutOfBoundsException': 86> (0x00000007818b42f8) thrown at [C:\re\workspace\8-2-build-windows-amd64-cygwin\jdk8u144\9417\hotspot\src\share\vm\interpreter\interpreterRuntime.cpp, line 366]
Event: 0.435 Thread 0x000000001cdd2000 Exception <a 'java/lang/ArrayIndexOutOfBoundsException'> (0x0000000781acae38) thrown at [C:\re\workspace\8-2-build-windows-amd64-cygwin\jdk8u144\9417\hotspot\src\share\vm\runtime\sharedRuntime.cpp, line 605]
Event: 0.737 Thread 0x000000001cdd2000 Exception <a 'java/lang/ArrayIndexOutOfBoundsException'> (0x00000007820a61a0) thrown at [C:\re\workspace\8-2-build-windows-amd64-cygwin\jdk8u144\9417\hotspot\src\share\vm\runtime\sharedRuntime.cpp, line 605]
Event: 0.737 Thread 0x000000001cdd2000 Exception <a 'java/lang/ArrayIndexOutOfBoundsException'> (0x00000007820a71a0) thrown at [C:\re\workspace\8-2-build-windows-amd64-cygwin\jdk8u144\9417\hotspot\src\share\vm\runtime\sharedRuntime.cpp, line 605]
Event: 0.737 Thread 0x000000001cdd2000 Exception <a 'java/lang/ArrayIndexOutOfBoundsException'> (0x00000007820a8a10) thrown at [C:\re\workspace\8-2-build-windows-amd64-cygwin\jdk8u144\9417\hotspot\src\share\vm\runtime\sharedRuntime.cpp, line 605]
Event: 0.748 Thread 0x000000001cdd2000 Exception <a 'java/io/FileNotFoundException'> (0x000000078211c1f0) thrown at [C:\re\workspace\8-2-build-windows-amd64-cygwin\jdk8u144\9417\hotspot\src\share\vm\prims\jni.cpp, line 709]
Event: 0.754 Thread 0x000000001cdd2000 Exception <a 'java/lang/ArrayIndexOutOfBoundsException'> (0x000000078216ed08) thrown at [C:\re\workspace\8-2-build-windows-amd64-cygwin\jdk8u144\9417\hotspot\src\share\vm\runtime\sharedRuntime.cpp, line 605]
Event: 0.760 Thread 0x000000001cdd2000 Implicit null exception at 0x0000000002c3b996 to 0x0000000002c3bd45

Events (10 events):
Event: 0.773 loading class com/mysql/jdbc/ConnectionImpl
Event: 0.773 loading class com/mysql/jdbc/ConnectionImpl done
Event: 0.774 loading class com/mysql/jdbc/MySQLConnection
Event: 0.774 loading class com/mysql/jdbc/MySQLConnection done
Event: 0.774 loading class com/mysql/jdbc/Connection
Event: 0.774 loading class com/mysql/jdbc/Connection done
Event: 0.774 loading class com/mysql/jdbc/ConnectionProperties
Event: 0.774 loading class com/mysql/jdbc/ConnectionProperties done
Event: 0.777 loading class com/mysql/jdbc/ConnectionPropertiesImpl
Event: 0.777 loading class com/mysql/jdbc/ConnectionPropertiesImpl done


Dynamic libraries:
0x00007ff65bfb0000 - 0x00007ff65bfe7000 	C:\Program Files\Java\jdk1.8.0_144\bin\java.exe
0x00007ff9f7720000 - 0x00007ff9f7929000 	C:\WINDOWS\SYSTEM32\ntdll.dll
0x00007ff9f61c0000 - 0x00007ff9f627d000 	C:\WINDOWS\System32\KERNEL32.DLL
0x00007ff9f4e40000 - 0x00007ff9f51b4000 	C:\WINDOWS\System32\KERNELBASE.dll
0x00007ff9f6940000 - 0x00007ff9f69ee000 	C:\WINDOWS\System32\ADVAPI32.dll
0x00007ff9f6790000 - 0x00007ff9f6833000 	C:\WINDOWS\System32\msvcrt.dll
0x00007ff9f5900000 - 0x00007ff9f599e000 	C:\WINDOWS\System32\sechost.dll
0x00007ff9f7340000 - 0x00007ff9f7460000 	C:\WINDOWS\System32\RPCRT4.dll
0x00007ff9f7460000 - 0x00007ff9f760c000 	C:\WINDOWS\System32\USER32.dll
0x00007ff9f5590000 - 0x00007ff9f55b6000 	C:\WINDOWS\System32\win32u.dll
0x00007ff9f58d0000 - 0x00007ff9f58f9000 	C:\WINDOWS\System32\GDI32.dll
0x00007ff9f4cb0000 - 0x00007ff9f4dc2000 	C:\WINDOWS\System32\gdi32full.dll
0x00007ff9f4c10000 - 0x00007ff9f4cad000 	C:\WINDOWS\System32\msvcp_win.dll
0x00007ff9f5330000 - 0x00007ff9f5441000 	C:\WINDOWS\System32\ucrtbase.dll
0x00007ff9dbae0000 - 0x00007ff9dbd85000 	C:\WINDOWS\WinSxS\amd64_microsoft.windows.common-controls_6595b64144ccf1df_6.0.22000.120_none_9d947278b86cc467\COMCTL32.dll
0x00007ff9f56b0000 - 0x00007ff9f56e1000 	C:\WINDOWS\System32\IMM32.DLL
0x0000000051d60000 - 0x0000000051e32000 	C:\Program Files\Java\jdk1.8.0_144\jre\bin\msvcr100.dll
0x0000000051e40000 - 0x00000000526dd000 	C:\Program Files\Java\jdk1.8.0_144\jre\bin\server\jvm.dll
0x00007ff9f7670000 - 0x00007ff9f7678000 	C:\WINDOWS\System32\PSAPI.DLL
0x00007ff9ef8a0000 - 0x00007ff9ef8d3000 	C:\WINDOWS\SYSTEM32\WINMM.dll
0x00007ff9f0580000 - 0x00007ff9f0589000 	C:\WINDOWS\SYSTEM32\WSOCK32.dll
0x00007ff9eeb30000 - 0x00007ff9eeb3a000 	C:\WINDOWS\SYSTEM32\VERSION.dll
0x00007ff9f57e0000 - 0x00007ff9f584f000 	C:\WINDOWS\System32\WS2_32.dll
0x00000000551e0000 - 0x00000000551ef000 	C:\Program Files\Java\jdk1.8.0_144\jre\bin\verify.dll
0x0000000053dc0000 - 0x0000000053de9000 	C:\Program Files\Java\jdk1.8.0_144\jre\bin\java.dll
0x0000000053da0000 - 0x0000000053db6000 	C:\Program Files\Java\jdk1.8.0_144\jre\bin\zip.dll
0x00007ff9f6b90000 - 0x00007ff9f733e000 	C:\WINDOWS\System32\SHELL32.dll
0x00007ff9f2d90000 - 0x00007ff9f35f8000 	C:\WINDOWS\SYSTEM32\windows.storage.dll
0x00007ff9f5ac0000 - 0x00007ff9f5e38000 	C:\WINDOWS\System32\combase.dll
0x00007ff9f2c20000 - 0x00007ff9f2d86000 	C:\WINDOWS\SYSTEM32\wintypes.dll
0x00007ff9f55c0000 - 0x00007ff9f56aa000 	C:\WINDOWS\System32\SHCORE.dll
0x00007ff9f59a0000 - 0x00007ff9f59fd000 	C:\WINDOWS\System32\shlwapi.dll
0x00007ff9f4b40000 - 0x00007ff9f4b61000 	C:\WINDOWS\SYSTEM32\profapi.dll
0x00007ff9b0ce0000 - 0x00007ff9b0dcf000 	C:\Program Files\Java\jdk1.8.0_144\jre\bin\msvcr120.dll
0x00007ff9b0c30000 - 0x00007ff9b0cd6000 	C:\Program Files\Java\jdk1.8.0_144\jre\bin\msvcp120.dll
0x0000000051940000 - 0x0000000051962000 	C:\Program Files\Java\jdk1.8.0_144\jre\bin\prism_d3d.dll
0x00007ff9de630000 - 0x00007ff9de7d6000 	C:\WINDOWS\system32\d3d9.dll
0x00007ff9f3e00000 - 0x00007ff9f3e18000 	C:\WINDOWS\SYSTEM32\kernel.appcore.dll
0x00007ff9f2350000 - 0x00007ff9f237f000 	C:\WINDOWS\SYSTEM32\dwmapi.dll
0x00007ff9f20b0000 - 0x00007ff9f20e8000 	C:\WINDOWS\SYSTEM32\dxcore.dll
0x00007ff9f1260000 - 0x00007ff9f130c000 	C:\WINDOWS\system32\uxtheme.dll
0x00007ff9d1270000 - 0x00007ff9d143d000 	C:\WINDOWS\System32\DriverStore\FileRepository\iigd_dch.inf_amd64_b261b2ab559fdee8\igdumdim64.dll
0x00007ff9e3770000 - 0x00007ff9e3890000 	C:\WINDOWS\System32\DriverStore\FileRepository\iigd_dch.inf_amd64_b261b2ab559fdee8\igdgmm64.dll
0x00007ff97f900000 - 0x00007ff983511000 	C:\WINDOWS\System32\DriverStore\FileRepository\iigd_dch.inf_amd64_b261b2ab559fdee8\igd9dxva64.dll
0x00007ff9f69f0000 - 0x00007ff9f6b8a000 	C:\WINDOWS\System32\OLE32.dll
0x00007ff9f6840000 - 0x00007ff9f6916000 	C:\WINDOWS\System32\OLEAUT32.dll
0x00007ff9eb0a0000 - 0x00007ff9eb0e4000 	C:\WINDOWS\SYSTEM32\directxdatabasehelper.dll
0x00007ff9f2210000 - 0x00007ff9f2244000 	C:\WINDOWS\SYSTEM32\ntmarta.dll
0x00000000518f0000 - 0x0000000051933000 	C:\Program Files\Java\jdk1.8.0_144\jre\bin\glass.dll
0x00007ff9f56f0000 - 0x00007ff9f57dc000 	C:\WINDOWS\System32\COMDLG32.dll
0x00007ff9f6020000 - 0x00007ff9f613e000 	C:\WINDOWS\System32\MSCTF.dll
0x00007ff9f5450000 - 0x00007ff9f54cf000 	C:\WINDOWS\System32\bcryptPrimitives.dll
0x00007ff9c31b0000 - 0x00007ff9c31d1000 	C:\WINDOWS\System32\DriverStore\FileRepository\iigd_dch.inf_amd64_b261b2ab559fdee8\igdinfo64.dll
0x00007ff9e1410000 - 0x00007ff9e3770000 	C:\WINDOWS\System32\DriverStore\FileRepository\iigd_dch.inf_amd64_b261b2ab559fdee8\igc64.dll
0x00000000518d0000 - 0x00000000518e4000 	C:\Program Files\Java\jdk1.8.0_144\jre\bin\javafx_font.dll
0x00007ff9ca5f0000 - 0x00007ff9ca84f000 	C:\WINDOWS\SYSTEM32\dwrite.dll
0x00007ff9f4480000 - 0x00007ff9f4498000 	C:\WINDOWS\SYSTEM32\CRYPTSP.dll
0x00007ff9f3d60000 - 0x00007ff9f3d95000 	C:\WINDOWS\system32\rsaenh.dll
0x00007ff9f4320000 - 0x00007ff9f4349000 	C:\WINDOWS\SYSTEM32\USERENV.dll
0x00007ff9f45f0000 - 0x00007ff9f4617000 	C:\WINDOWS\SYSTEM32\bcrypt.dll
0x00007ff9f4470000 - 0x00007ff9f447c000 	C:\WINDOWS\SYSTEM32\CRYPTBASE.dll
0x0000000053d80000 - 0x0000000053d9a000 	C:\Program Files\Java\jdk1.8.0_144\jre\bin\net.dll
0x00007ff9f4230000 - 0x00007ff9f4297000 	C:\WINDOWS\system32\mswsock.dll
0x00007ff9f3970000 - 0x00007ff9f399d000 	C:\WINDOWS\SYSTEM32\IPHLPAPI.DLL
0x00007ff9f6280000 - 0x00007ff9f6289000 	C:\WINDOWS\System32\NSI.dll
0x00007ff9ef3d0000 - 0x00007ff9ef3e9000 	C:\WINDOWS\SYSTEM32\dhcpcsvc6.DLL
0x00007ff9ef5f0000 - 0x00007ff9ef60e000 	C:\WINDOWS\SYSTEM32\dhcpcsvc.DLL
0x00007ff9f39a0000 - 0x00007ff9f3a87000 	C:\WINDOWS\SYSTEM32\DNSAPI.dll
0x0000000053d60000 - 0x0000000053d71000 	C:\Program Files\Java\jdk1.8.0_144\jre\bin\nio.dll

VM Arguments:
jvm_args: -Dfile.encoding=UTF-8 
java_command: GUI.AdomifitMainClass
java_class_path (initial): C:\Program Files\NetBeans 8.2\ide\modules\ext\mysql-connector-java-5.1.23-bin.jar;C:\Users\myria\Downloads\fontawesomefx-8.9.jar;C:\Users\myria\Downloads\jfoenix-8.0.2.jar;C:\Users\myria\Downloads\mysql-connector-java-5.1.49.jar;C:\Users\myria\OneDrive\Bureau\Nouveau dossier (3)\FxAdomifit-master\FxAdomifit-master\build\classes
Launcher Type: SUN_STANDARD

Environment Variables:
JAVA_HOME=C:\Program Files\Java\jdk1.8.0_144
PATH=C:\ProgramData\Oracle\Java\javapath;C:\oraclexe\app\oracle\product\11.2.0\server\bin;C:\windows\system32;C:\windows;C:\windows\System32\Wbem;C:\windows\System32\WindowsPowerShell\v1.0\;C:\windows\System32\OpenSSH\;C:\Program Files (x86)\Intel\Intel(R) Management Engine Components\DAL;C:\Program Files\Intel\Intel(R) Management Engine Components\DAL;C:\Program Files (x86)\NVIDIA Corporation\PhysX\Common;C:\Program Files\NVIDIA Corporation\NVIDIA NvDLISR;C:\WINDOWS\system32;C:\WINDOWS;C:\WINDOWS\System32\Wbem;C:\WINDOWS\System32\WindowsPowerShell\v1.0\;C:\WINDOWS\System32\OpenSSH\;C:\instantclient12_2;C:\oraclexe;C:\oraclexe\app\oracle\admin\XE;C:\Program Files\Git\cmd;C:\Program Files\TortoiseGit\bin;C:\laragon\bin\php\php-7.2.19-Win32-VC15-x64;C:\ProgramData\ComposerSetup\bin;C:\Program Files (x86)\CodeBlocks\MinGW\bin;C:\Program Files (x86)\GnuWin32\bin;C:\Program Files\Java\jdk1.8.0_144\bin;C:\Users\myria\AppData\Local\Microsoft\WindowsApps;C:\Users\myria\Desktop\Microsoft VS Code\bin;C:\Users\myria\AppData\Roaming\Composer\vendor\bin;C:\xampp\php;
USERNAME=myria
OS=Windows_NT
PROCESSOR_IDENTIFIER=Intel64 Family 6 Model 158 Stepping 10, GenuineIntel



---------------  S Y S T E M  ---------------

OS: Windows 10.0 , 64 bit Build 22000 (10.0.22000.434)

CPU:total 8 (initial active 8) (4 cores per cpu, 2 threads per core) family 6 model 158 stepping 10, cmov, cx8, fxsr, mmx, sse, sse2, sse3, ssse3, sse4.1, sse4.2, popcnt, avx, avx2, aes, clmul, erms, 3dnowpref, lzcnt, ht, tsc, tscinvbit, bmi1, bmi2, adx

Memory: 4k page, physical 12469492k(954028k free), swap 27987056k(5236k free)

vm_info: Java HotSpot(TM) 64-Bit Server VM (25.144-b01) for windows-amd64 JRE (1.8.0_144-b01), built on Jul 21 2017 21:57:33 by "java_re" with MS VC++ 10.0 (VS2010)

time: Tue Apr 19 08:06:05 2022
elapsed time: 0 seconds (0d 0h 0m 0s)

